<?xml version="1.0" encoding="UTF-8"?>
<testsuite xmlns:xsi="http://www.w3.org/2001/XMLSchema-instance" xsi:noNamespaceSchemaLocation="https://maven.apache.org/surefire/maven-surefire-plugin/xsd/surefire-test-report.xsd" version="3.0.2" name="com.payment.gateway.service.PaymentServiceTest" time="10.549" tests="4" errors="0" skipped="0" failures="0">
  <properties>
[...]
</properties>
  <testcase name="processPayment_AcquirerTimeout_ShouldExpectTimeout" classname="com.payment.gateway.service.PaymentServiceTest" time="5.018"/>
  <testcase name="processPayment_InvalidCard_ShouldReturnError" classname="com.payment.gateway.service.PaymentServiceTest" time="0.011"/>
  <testcase name="processPayment_AcquirerTimeout_ShouldReturnDeniedResponse" classname="com.payment.gateway.service.PaymentServiceTest" time="5.008"/>
  <testcase name="processPayment_ValidRequest_ShouldReturnApprovedResponse" classname="com.payment.gateway.service.PaymentServiceTest" time="0.507"/>
</testsuite>